<?xml version="1.0" encoding="UTF-8"?>
<!-- Generated by org.testng.reporters.JUnitXMLReporter -->
<testsuite hostname="CMLPT015" ignored="0" name="Default test" tests="5" failures="0" timestamp="16 Jun 2019 00:42:13 GMT" time="26.543" errors="0">
  <testcase name="getSearchResult" time="3.936" classname="com.pkg.runner.GetMerit"/>
  <testcase name="getSearchResult" time="3.657" classname="com.pkg.runner.GetMerit"/>
  <testcase name="getSearchResult" time="3.888" classname="com.pkg.runner.GetMerit"/>
  <testcase name="getSearchResult" time="3.682" classname="com.pkg.runner.GetMerit"/>
  <testcase name="getSearchResult" time="3.951" classname="com.pkg.runner.GetMerit"/>
</testsuite> <!-- Default test -->
