<?xml version="1.0" encoding="UTF-8"?>
<!-- Generated by org.testng.reporters.JUnitXMLReporter -->
<testsuite hostname="CMLPT015" ignored="0" name="Test" tests="5" failures="0" timestamp="16 Jun 2019 01:39:03 GMT" time="26.177" errors="0">
  <testcase name="getSearchResult" time="4.067" classname="com.pkg.runner.GetMerit"/>
  <testcase name="getSearchResult" time="3.836" classname="com.pkg.runner.GetMerit"/>
  <testcase name="getSearchResult" time="3.651" classname="com.pkg.runner.GetMerit"/>
  <testcase name="getSearchResult" time="3.661" classname="com.pkg.runner.GetMerit"/>
  <testcase name="getSearchResult" time="3.559" classname="com.pkg.runner.GetMerit"/>
</testsuite> <!-- Test -->
