<?xml version="1.0" encoding="UTF-8"?>
<testng-results skipped="0" failed="0" ignored="0" total="5" passed="5">
  <reporter-output>
  </reporter-output>
  <suite name="Suite" duration-ms="26177" started-at="2019-06-16T01:38:37Z" finished-at="2019-06-16T01:39:03Z">
    <groups>
    </groups>
    <test name="Test" duration-ms="26177" started-at="2019-06-16T01:38:37Z" finished-at="2019-06-16T01:39:03Z">
      <class name="com.pkg.runner.GetMerit">
        <test-method status="PASS" signature="beforeTest()[pri:0, instance:com.pkg.runner.GetMerit@617c74e5]" name="beforeTest" is-config="true" duration-ms="7099" started-at="2019-06-16T01:38:37Z" finished-at="2019-06-16T01:38:44Z">
          <reporter-output>
          </reporter-output>
        </test-method> <!-- beforeTest -->
        <test-method status="PASS" signature="getSearchResult(int)[pri:0, instance:com.pkg.runner.GetMerit@617c74e5]" name="getSearchResult" duration-ms="4067" started-at="2019-06-16T01:38:44Z" data-provider="dp" finished-at="2019-06-16T01:38:48Z">
          <params>
            <param index="0">
              <value>
                <![CDATA[856001]]>
              </value>
            </param>
          </params>
          <reporter-output>
          </reporter-output>
        </test-method> <!-- getSearchResult -->
        <test-method status="PASS" signature="getSearchResult(int)[pri:0, instance:com.pkg.runner.GetMerit@617c74e5]" name="getSearchResult" duration-ms="3836" started-at="2019-06-16T01:38:48Z" data-provider="dp" finished-at="2019-06-16T01:38:52Z">
          <params>
            <param index="0">
              <value>
                <![CDATA[856002]]>
              </value>
            </param>
          </params>
          <reporter-output>
          </reporter-output>
        </test-method> <!-- getSearchResult -->
        <test-method status="PASS" signature="getSearchResult(int)[pri:0, instance:com.pkg.runner.GetMerit@617c74e5]" name="getSearchResult" duration-ms="3651" started-at="2019-06-16T01:38:52Z" data-provider="dp" finished-at="2019-06-16T01:38:55Z">
          <params>
            <param index="0">
              <value>
                <![CDATA[856003]]>
              </value>
            </param>
          </params>
          <reporter-output>
          </reporter-output>
        </test-method> <!-- getSearchResult -->
        <test-method status="PASS" signature="getSearchResult(int)[pri:0, instance:com.pkg.runner.GetMerit@617c74e5]" name="getSearchResult" duration-ms="3661" started-at="2019-06-16T01:38:55Z" data-provider="dp" finished-at="2019-06-16T01:38:59Z">
          <params>
            <param index="0">
              <value>
                <![CDATA[856004]]>
              </value>
            </param>
          </params>
          <reporter-output>
          </reporter-output>
        </test-method> <!-- getSearchResult -->
        <test-method status="PASS" signature="getSearchResult(int)[pri:0, instance:com.pkg.runner.GetMerit@617c74e5]" name="getSearchResult" duration-ms="3559" started-at="2019-06-16T01:38:59Z" data-provider="dp" finished-at="2019-06-16T01:39:03Z">
          <params>
            <param index="0">
              <value>
                <![CDATA[856006]]>
              </value>
            </param>
          </params>
          <reporter-output>
          </reporter-output>
        </test-method> <!-- getSearchResult -->
        <test-method status="PASS" signature="afterTest()[pri:0, instance:com.pkg.runner.GetMerit@617c74e5]" name="afterTest" is-config="true" duration-ms="245" started-at="2019-06-16T01:39:03Z" finished-at="2019-06-16T01:39:03Z">
          <reporter-output>
          </reporter-output>
        </test-method> <!-- afterTest -->
      </class> <!-- com.pkg.runner.GetMerit -->
    </test> <!-- Test -->
  </suite> <!-- Suite -->
</testng-results>
