<?xml version="1.0" encoding="UTF-8"?>
<testng-results skipped="0" failed="0" ignored="0" total="5" passed="5">
  <reporter-output>
  </reporter-output>
  <suite name="Default suite" duration-ms="26543" started-at="2019-06-16T00:41:47Z" finished-at="2019-06-16T00:42:13Z">
    <groups>
    </groups>
    <test name="Default test" duration-ms="26543" started-at="2019-06-16T00:41:47Z" finished-at="2019-06-16T00:42:13Z">
      <class name="com.pkg.runner.GetMerit">
        <test-method status="PASS" signature="beforeTest()[pri:0, instance:com.pkg.runner.GetMerit@42d80b78]" name="beforeTest" is-config="true" duration-ms="7137" started-at="2019-06-16T00:41:47Z" finished-at="2019-06-16T00:41:54Z">
          <reporter-output>
          </reporter-output>
        </test-method> <!-- beforeTest -->
        <test-method status="PASS" signature="getSearchResult(int)[pri:0, instance:com.pkg.runner.GetMerit@42d80b78]" name="getSearchResult" duration-ms="3936" started-at="2019-06-16T00:41:54Z" data-provider="dp" finished-at="2019-06-16T00:41:58Z">
          <params>
            <param index="0">
              <value>
                <![CDATA[856001]]>
              </value>
            </param>
          </params>
          <reporter-output>
          </reporter-output>
        </test-method> <!-- getSearchResult -->
        <test-method status="PASS" signature="getSearchResult(int)[pri:0, instance:com.pkg.runner.GetMerit@42d80b78]" name="getSearchResult" duration-ms="3657" started-at="2019-06-16T00:41:58Z" data-provider="dp" finished-at="2019-06-16T00:42:01Z">
          <params>
            <param index="0">
              <value>
                <![CDATA[856002]]>
              </value>
            </param>
          </params>
          <reporter-output>
          </reporter-output>
        </test-method> <!-- getSearchResult -->
        <test-method status="PASS" signature="getSearchResult(int)[pri:0, instance:com.pkg.runner.GetMerit@42d80b78]" name="getSearchResult" duration-ms="3888" started-at="2019-06-16T00:42:01Z" data-provider="dp" finished-at="2019-06-16T00:42:05Z">
          <params>
            <param index="0">
              <value>
                <![CDATA[856003]]>
              </value>
            </param>
          </params>
          <reporter-output>
          </reporter-output>
        </test-method> <!-- getSearchResult -->
        <test-method status="PASS" signature="getSearchResult(int)[pri:0, instance:com.pkg.runner.GetMerit@42d80b78]" name="getSearchResult" duration-ms="3682" started-at="2019-06-16T00:42:05Z" data-provider="dp" finished-at="2019-06-16T00:42:09Z">
          <params>
            <param index="0">
              <value>
                <![CDATA[856004]]>
              </value>
            </param>
          </params>
          <reporter-output>
          </reporter-output>
        </test-method> <!-- getSearchResult -->
        <test-method status="PASS" signature="getSearchResult(int)[pri:0, instance:com.pkg.runner.GetMerit@42d80b78]" name="getSearchResult" duration-ms="3951" started-at="2019-06-16T00:42:09Z" data-provider="dp" finished-at="2019-06-16T00:42:13Z">
          <params>
            <param index="0">
              <value>
                <![CDATA[856006]]>
              </value>
            </param>
          </params>
          <reporter-output>
          </reporter-output>
        </test-method> <!-- getSearchResult -->
        <test-method status="PASS" signature="afterTest()[pri:0, instance:com.pkg.runner.GetMerit@42d80b78]" name="afterTest" is-config="true" duration-ms="206" started-at="2019-06-16T00:42:13Z" finished-at="2019-06-16T00:42:13Z">
          <reporter-output>
          </reporter-output>
        </test-method> <!-- afterTest -->
      </class> <!-- com.pkg.runner.GetMerit -->
    </test> <!-- Default test -->
  </suite> <!-- Default suite -->
</testng-results>
